<?xml version="1.0" encoding="UTF-8"?>
<!-- Generated by org.testng.reporters.JUnitXMLReporter -->
<testsuite ignored="0" hostname="Deepak" failures="0" tests="7" name="LoginTests" time="46.391" errors="0" timestamp="2025-12-18T00:26:39 IST">
  <testcase classname="test.TableFormTest" name="verifyTableHeaderText" time="0.117"/>
  <testcase classname="test.TableFormTest" name="verifyTableValidationText" time="0.039"/>
  <testcase classname="test.TableFormTest" name="verifyThatButtonIsEnabledOrNot" time="0.045"/>
  <testcase classname="test.TableFormTest" name="addTableNameInfo" time="0.259"/>
  <testcase classname="test.TableFormTest" name="addTableTagInfo" time="0.184"/>
  <testcase classname="test.TableFormTest" name="addDescriptionInfo" time="0.346"/>
  <testcase classname="test.TableFormTest" name="clickOnCreateTableButton" time="0.082"/>
</testsuite> <!-- LoginTests -->
