<?xml version="1.0" encoding="UTF-8"?>
<!-- Generated by org.testng.reporters.JUnitReportReporter -->
<testsuite hostname="Deepak" failures="0" tests="4" name="test.AppSettingsTest" time="3.559" errors="0" timestamp="2025-12-17T03:39:37 IST" skipped="0">
  <testcase classname="test.AppSettingsTest" name="getAppMenuText" time="0.054"/>
  <testcase classname="test.AppSettingsTest" name="mouseHoverAndClickOnAppSettingsMenu" time="0.338"/>
  <testcase classname="test.AppSettingsTest" name="getContextMenuText" time="0.042"/>
  <testcase classname="test.AppSettingsTest" name="verifyOpeningOfTableAfterSelection" time="3.125"/>
</testsuite> <!-- test.AppSettingsTest -->
